<?xml version="1.0" encoding="UTF-8"?>
<testsuite xmlns:xsi="http://www.w3.org/2001/XMLSchema-instance" xsi:noNamespaceSchemaLocation="https://maven.apache.org/surefire/maven-surefire-plugin/xsd/surefire-test-report-3.0.xsd" version="3.0" name="com.ecei.proyecto.runner.CucumberTest" time="24.982" tests="2" errors="0" skipped="0" failures="0">
  <properties>
[...]
</properties>
  <testcase name="Acceder a la screen &quot;About&quot;" classname="Acceder a about" time="12.168">
    <system-out><![CDATA[
Scenario: Acceder a la screen "About" # src/test/resources/features/01_test.feature:2
Ejecutando escenario 1
&amp#27;[38;5;112m[Appium]&amp#27;[0m Welcome to Appium v3.1.0
&amp#27;[38;5;112m[Appium]&amp#27;[0m Non-default server args:
&amp#27;[38;5;112m[Appium]&amp#27;[0m { address: &amp#27;[32m'127.0.0.1'&amp#27;[39m, sessionOverride: &amp#27;[33mtrue&amp#27;[39m }
&amp#27;[38;5;112m[Appium]&amp#27;[0m The autodetected Appium home path: C:\Users\mikeo\.appium
&amp#27;[38;5;112m[Appium]&amp#27;[0m Attempting to load driver uiautomator2...
&amp#27;[38;5;112m[Appium]&amp#27;[0m Requiring driver at C:\Users\mikeo\.appium\node_modules\appium-uiautomator2-driver\build\index.js
&amp#27;[38;5;112m[Appium]&amp#27;[0m AndroidUiautomator2Driver has been successfully loaded in 1.207s
&amp#27;[38;5;112m[Appium]&amp#27;[0m Appium REST http interface listener started on http://127.0.0.1:4723
&amp#27;[38;5;112m[Appium]&amp#27;[0m Available drivers:
&amp#27;[38;5;112m[Appium]&amp#27;[0m   - uiautomator2@6.1.0 (automationName 'UiAutomator2')
&amp#27;[38;5;112m[Appium]&amp#27;[0m No plugins have been installed. Use the "appium plugin" command to install the one(s) you want to use.
  Given El usuario esta en Home       # com.ecei.proyecto.appiumgluecode.ModalSteps.elUsuarioEstaEnHome()
  When Abre el Menu y entra en About  # com.ecei.proyecto.appiumgluecode.ModalSteps.abreMenuYEntraEnAbout()
  Then Llega a About                  # com.ecei.proyecto.appiumgluecode.ModalSteps.llegaAAbout()
El escenario 1 ha terminado
]]></system-out>
    <system-err><![CDATA[SLF4J(W): No SLF4J providers were found.
SLF4J(W): Defaulting to no-operation (NOP) logger implementation
SLF4J(W): See https://www.slf4j.org/codes.html#noProviders for further details.
]]></system-err>
  </testcase>
  <testcase name="Acceder a la screen &quot;Drawing&quot; y dibujar una cara sonriente" classname="Drawing Feature" time="12.329">
    <system-out><![CDATA[
Scenario: Acceder a la screen "Drawing" y dibujar una cara sonriente # src/test/resources/features/02_drawTest.feature:2
Ejecutando escenario 2
&amp#27;[38;5;112m[Appium]&amp#27;[0m Welcome to Appium v3.1.0
&amp#27;[38;5;112m[Appium]&amp#27;[0m Non-default server args:
&amp#27;[38;5;112m[Appium]&amp#27;[0m { address: &amp#27;[32m'127.0.0.1'&amp#27;[39m, sessionOverride: &amp#27;[33mtrue&amp#27;[39m }
&amp#27;[38;5;112m[Appium]&amp#27;[0m The autodetected Appium home path: C:\Users\mikeo\.appium
&amp#27;[38;5;112m[Appium]&amp#27;[0m Attempting to load driver uiautomator2...
&amp#27;[38;5;112m[Appium]&amp#27;[0m Requiring driver at C:\Users\mikeo\.appium\node_modules\appium-uiautomator2-driver\build\index.js
&amp#27;[38;5;112m[Appium]&amp#27;[0m AndroidUiautomator2Driver has been successfully loaded in 0.983s
&amp#27;[38;5;112m[Appium]&amp#27;[0m Appium REST http interface listener started on http://127.0.0.1:4723
&amp#27;[38;5;112m[Appium]&amp#27;[0m Available drivers:
&amp#27;[38;5;112m[Appium]&amp#27;[0m   - uiautomator2@6.1.0 (automationName 'UiAutomator2')
&amp#27;[38;5;112m[Appium]&amp#27;[0m No plugins have been installed. Use the "appium plugin" command to install the one(s) you want to use.
  Given El usuario esta en Home                                      # com.ecei.proyecto.appiumgluecode.ModalSteps.elUsuarioEstaEnHome()
  When Abre el Menu y entra en Drawing                               # com.ecei.proyecto.appiumgluecode.ModalSteps.abreMenuYEntraEnDrawing()
  And Llega a Drawing                                                # com.ecei.proyecto.appiumgluecode.ModalSteps.llegaADrawing()
  Then Dibuja una cara sonriente                                     # com.ecei.proyecto.appiumgluecode.ModalSteps.dibujaUnaCaraSonriente()
El escenario 2 ha terminado
]]></system-out>
  </testcase>
</testsuite>